::1 - - [26/Dec/2022:00:02:44 +0000] "GET /api/WeatherData/Forecast HTTP/1.1" 200 34 "-" "PostmanRuntime/7.30.0"
::1 - - [26/Dec/2022:01:43:31 +0000] "GET / HTTP/1.1" 404 139 "-" "Mozilla/5.0 (Windows NT 10.0; Win64; x64) AppleWebKit/537.36 (KHTML, like Gecko) Chrome/108.0.0.0 Safari/537.36"
::1 - - [26/Dec/2022:01:46:00 +0000] "GET /api/WeatherData/WeatherStationsForState HTTP/1.1" 200 65903 "-" "PostmanRuntime/7.26.10"
::1 - - [26/Dec/2022:01:46:17 +0000] "GET /api/WeatherData/CurrentConditions HTTP/1.1" 200 3969 "-" "PostmanRuntime/7.26.10"
::1 - - [26/Dec/2022:01:46:53 +0000] "GET /api/WeatherData/Forecast HTTP/1.1" 200 34 "-" "PostmanRuntime/7.26.10"
::1 - - [26/Dec/2022:01:47:04 +0000] "GET /api/WeatherData/CurrentConditionsForStation HTTP/1.1" 200 4021 "-" "PostmanRuntime/7.26.10"
::1 - - [26/Dec/2022:01:48:33 +0000] "GET /api/WeatherData/CurrentConditions HTTP/1.1" 200 3969 "-" "PostmanRuntime/7.26.10"
::1 - - [26/Dec/2022:01:51:20 +0000] "GET /api/WeatherData/Forecast HTTP/1.1" 200 34 "-" "PostmanRuntime/7.26.10"
::1 - - [26/Dec/2022:02:06:27 +0000] "GET /api/WeatherData/CurrentConditions HTTP/1.1" 200 3969 "-" "PostmanRuntime/7.26.10"
::1 - - [26/Dec/2022:02:12:22 +0000] "GET /api/WeatherData/CurrentConditions HTTP/1.1" 200 43 "-" "PostmanRuntime/7.26.10"
::1 - - [26/Dec/2022:02:12:38 +0000] "GET /api/WeatherData/CurrentConditions HTTP/1.1" 200 43 "-" "PostmanRuntime/7.26.10"
::1 - - [26/Dec/2022:02:16:26 +0000] "GET /api/WeatherData/CurrentConditions HTTP/1.1" 200 3969 "-" "PostmanRuntime/7.26.10"
::1 - - [26/Dec/2022:03:28:45 +0000] "GET /api/WeatherData/CurrentConditions HTTP/1.1" 200 3909 "-" "PostmanRuntime/7.26.10"
::1 - - [26/Dec/2022:03:28:53 +0000] "GET /api/WeatherData/CurrentConditions HTTP/1.1" 200 3909 "-" "PostmanRuntime/7.26.10"
::1 - - [26/Dec/2022:03:32:35 +0000] "GET /api/WeatherData/CurrentConditions HTTP/1.1" 200 3871 "-" "PostmanRuntime/7.26.10"
::1 - - [26/Dec/2022:03:41:41 +0000] "GET /api/WeatherData/CurrentConditions HTTP/1.1" 200 43 "-" "PostmanRuntime/7.26.10"
::1 - - [26/Dec/2022:03:42:36 +0000] "GET /api/WeatherData/CurrentConditions HTTP/1.1" 200 43 "-" "PostmanRuntime/7.26.10"
::1 - - [26/Dec/2022:03:44:38 +0000] "GET /api/WeatherData/CurrentConditions HTTP/1.1" 200 43 "-" "PostmanRuntime/7.26.10"
::1 - - [26/Dec/2022:03:48:27 +0000] "GET /api/WeatherData/CurrentConditions HTTP/1.1" 200 43 "-" "PostmanRuntime/7.26.10"
::1 - - [26/Dec/2022:03:48:30 +0000] "GET /api/WeatherData/CurrentConditions HTTP/1.1" 200 43 "-" "PostmanRuntime/7.26.10"
::1 - - [26/Dec/2022:03:49:08 +0000] "GET /api/WeatherData/CurrentConditions HTTP/1.1" 200 43 "-" "PostmanRuntime/7.26.10"
::1 - - [26/Dec/2022:03:52:11 +0000] "GET /api/WeatherData/CurrentConditions HTTP/1.1" 200 43 "-" "PostmanRuntime/7.26.10"
::1 - - [26/Dec/2022:03:52:33 +0000] "GET /api/WeatherData/CurrentConditions HTTP/1.1" 200 43 "-" "PostmanRuntime/7.26.10"
::1 - - [26/Dec/2022:03:52:35 +0000] "GET /api/WeatherData/CurrentConditions HTTP/1.1" 200 43 "-" "PostmanRuntime/7.26.10"
::1 - - [26/Dec/2022:03:55:18 +0000] "GET /api/WeatherData/CurrentConditions HTTP/1.1" 200 43 "-" "PostmanRuntime/7.26.10"
::1 - - [26/Dec/2022:03:55:52 +0000] "GET /api/WeatherData/CurrentConditionsForStation HTTP/1.1" 200 4142 "-" "PostmanRuntime/7.26.10"
::1 - - [26/Dec/2022:03:58:04 +0000] "GET /api/WeatherData/CurrentConditions HTTP/1.1" 200 43 "-" "PostmanRuntime/7.26.10"
::1 - - [26/Dec/2022:04:00:48 +0000] "GET /api/WeatherData/CurrentConditions HTTP/1.1" 200 43 "-" "PostmanRuntime/7.26.10"
::1 - - [26/Dec/2022:04:04:39 +0000] "GET /api/WeatherData/CurrentConditions HTTP/1.1" 200 43 "-" "PostmanRuntime/7.26.10"
::1 - - [26/Dec/2022:04:04:40 +0000] "GET /api/WeatherData/CurrentConditions HTTP/1.1" 200 43 "-" "PostmanRuntime/7.26.10"
::1 - - [26/Dec/2022:04:04:49 +0000] "GET /api/WeatherData/CurrentConditions HTTP/1.1" 200 43 "-" "PostmanRuntime/7.26.10"
::1 - - [26/Dec/2022:04:09:20 +0000] "GET /api/WeatherData/CurrentConditions HTTP/1.1" 200 43 "-" "PostmanRuntime/7.26.10"
::1 - - [26/Dec/2022:04:15:42 +0000] "GET /api/WeatherData/CurrentConditions HTTP/1.1" 200 3891 "-" "PostmanRuntime/7.26.10"
::1 - - [26/Dec/2022:04:17:35 +0000] "GET /api/WeatherData/CurrentConditions HTTP/1.1" 200 3891 "-" "PostmanRuntime/7.26.10"
::1 - - [26/Dec/2022:04:18:22 +0000] "GET /api/WeatherData/CurrentConditions HTTP/1.1" 200 3978 "-" "PostmanRuntime/7.26.10"
::1 - - [26/Dec/2022:04:26:18 +0000] "GET /api/WeatherData/CurrentConditions HTTP/1.1" 200 3992 "-" "PostmanRuntime/7.26.10"
::1 - - [26/Dec/2022:04:34:38 +0000] "GET /api/WeatherData/CurrentConditions HTTP/1.1" 200 43 "-" "PostmanRuntime/7.26.10"
::1 - - [26/Dec/2022:04:38:56 +0000] "GET /api/WeatherData/CurrentConditions HTTP/1.1" 200 3992 "-" "PostmanRuntime/7.26.10"
::1 - - [26/Dec/2022:04:42:38 +0000] "GET /api/WeatherData/CurrentConditions HTTP/1.1" 200 3992 "-" "PostmanRuntime/7.26.10"
